{"C:\\Projects\\iimos-workspace\\src\\core\\catalog\\KerfBending.ts": {"path":"C:\\Projects\\iimos-workspace\\src\\core\\catalog\\KerfBending.ts","statementMap":{"0":{"start":{"line":99,"column":5},"end":{"line":120,"column":null}},"1":{"start":{"line":133,"column":52},"end":{"line":138,"column":null}},"2":{"start":{"line":140,"column":2},"end":{"line":140,"column":null}},"3":{"start":{"line":160,"column":2},"end":{"line":160,"column":null}},"4":{"start":{"line":181,"column":2},"end":{"line":181,"column":null}},"5":{"start":{"line":202,"column":2},"end":{"line":202,"column":null}},"6":{"start":{"line":220,"column":2},"end":{"line":220,"column":null}},"7":{"start":{"line":264,"column":2},"end":{"line":264,"column":null}},"8":{"start":{"line":283,"column":23},"end":{"line":283,"column":null}},"9":{"start":{"line":286,"column":17},"end":{"line":286,"column":null}},"10":{"start":{"line":287,"column":20},"end":{"line":287,"column":null}},"11":{"start":{"line":288,"column":19},"end":{"line":288,"column":null}},"12":{"start":{"line":289,"column":25},"end":{"line":289,"column":null}},"13":{"start":{"line":291,"column":20},"end":{"line":291,"column":null}},"14":{"start":{"line":293,"column":2},"end":{"line":298,"column":null}},"15":{"start":{"line":318,"column":2},"end":{"line":318,"column":null}},"16":{"start":{"line":344,"column":6},"end":{"line":344,"column":null}},"17":{"start":{"line":346,"column":29},"end":{"line":346,"column":null}},"18":{"start":{"line":349,"column":20},"end":{"line":349,"column":null}},"19":{"start":{"line":350,"column":10},"end":{"line":350,"column":null}},"20":{"start":{"line":352,"column":2},"end":{"line":355,"column":null}},"21":{"start":{"line":354,"column":4},"end":{"line":354,"column":null}},"22":{"start":{"line":358,"column":2},"end":{"line":361,"column":null}},"23":{"start":{"line":359,"column":4},"end":{"line":359,"column":null}},"24":{"start":{"line":360,"column":4},"end":{"line":360,"column":null}},"25":{"start":{"line":364,"column":17},"end":{"line":364,"column":null}},"26":{"start":{"line":366,"column":2},"end":{"line":368,"column":null}},"27":{"start":{"line":367,"column":4},"end":{"line":367,"column":null}},"28":{"start":{"line":373,"column":18},"end":{"line":373,"column":null}},"29":{"start":{"line":374,"column":18},"end":{"line":374,"column":null}},"30":{"start":{"line":376,"column":18},"end":{"line":376,"column":null}},"31":{"start":{"line":377,"column":18},"end":{"line":377,"column":null}},"32":{"start":{"line":378,"column":17},"end":{"line":378,"column":null}},"33":{"start":{"line":381,"column":12},"end":{"line":381,"column":null}},"34":{"start":{"line":382,"column":12},"end":{"line":382,"column":null}},"35":{"start":{"line":385,"column":16},"end":{"line":385,"column":null}},"36":{"start":{"line":386,"column":23},"end":{"line":386,"column":null}},"37":{"start":{"line":388,"column":2},"end":{"line":392,"column":null}},"38":{"start":{"line":389,"column":4},"end":{"line":389,"column":null}},"39":{"start":{"line":390,"column":2},"end":{"line":392,"column":null}},"40":{"start":{"line":391,"column":4},"end":{"line":391,"column":null}},"41":{"start":{"line":395,"column":2},"end":{"line":397,"column":null}},"42":{"start":{"line":396,"column":4},"end":{"line":396,"column":null}},"43":{"start":{"line":400,"column":35},"end":{"line":408,"column":null}},"44":{"start":{"line":410,"column":2},"end":{"line":422,"column":null}},"45":{"start":{"line":434,"column":50},"end":{"line":439,"column":null}},"46":{"start":{"line":442,"column":21},"end":{"line":442,"column":null}},"47":{"start":{"line":444,"column":2},"end":{"line":444,"column":null}},"48":{"start":{"line":451,"column":47},"end":{"line":456,"column":null}},"49":{"start":{"line":458,"column":2},"end":{"line":458,"column":null}},"50":{"start":{"line":492,"column":28},"end":{"line":492,"column":null}},"51":{"start":{"line":494,"column":2},"end":{"line":504,"column":null}},"52":{"start":{"line":494,"column":15},"end":{"line":494,"column":18}},"53":{"start":{"line":495,"column":14},"end":{"line":495,"column":null}},"54":{"start":{"line":497,"column":4},"end":{"line":503,"column":null}},"55":{"start":{"line":506,"column":2},"end":{"line":506,"column":null}},"56":{"start":{"line":529,"column":28},"end":{"line":529,"column":null}},"57":{"start":{"line":530,"column":24},"end":{"line":530,"column":null}},"58":{"start":{"line":532,"column":2},"end":{"line":563,"column":null}},"59":{"start":{"line":532,"column":15},"end":{"line":532,"column":18}},"60":{"start":{"line":533,"column":10},"end":{"line":533,"column":null}},"61":{"start":{"line":534,"column":22},"end":{"line":534,"column":null}},"62":{"start":{"line":537,"column":4},"end":{"line":562,"column":null}},"63":{"start":{"line":539,"column":6},"end":{"line":545,"column":null}},"64":{"start":{"line":546,"column":6},"end":{"line":552,"column":null}},"65":{"start":{"line":555,"column":6},"end":{"line":561,"column":null}},"66":{"start":{"line":565,"column":2},"end":{"line":565,"column":null}},"67":{"start":{"line":597,"column":16},"end":{"line":597,"column":null}},"68":{"start":{"line":599,"column":2},"end":{"line":607,"column":null}},"69":{"start":{"line":600,"column":4},"end":{"line":606,"column":null}},"70":{"start":{"line":609,"column":20},"end":{"line":609,"column":null}},"71":{"start":{"line":610,"column":23},"end":{"line":610,"column":null}},"72":{"start":{"line":612,"column":17},"end":{"line":612,"column":null}},"73":{"start":{"line":615,"column":27},"end":{"line":615,"column":null}},"74":{"start":{"line":616,"column":2},"end":{"line":616,"column":null}},"75":{"start":{"line":616,"column":19},"end":{"line":616,"column":null}},"76":{"start":{"line":617,"column":2},"end":{"line":617,"column":null}},"77":{"start":{"line":617,"column":20},"end":{"line":617,"column":null}},"78":{"start":{"line":619,"column":23},"end":{"line":619,"column":null}},"79":{"start":{"line":621,"column":2},"end":{"line":626,"column":null}},"80":{"start":{"line":637,"column":16},"end":{"line":661,"column":null}},"81":{"start":{"line":663,"column":2},"end":{"line":666,"column":null}},"82":{"start":{"line":664,"column":4},"end":{"line":664,"column":null}},"83":{"start":{"line":665,"column":4},"end":{"line":665,"column":null}},"84":{"start":{"line":665,"column":33},"end":{"line":665,"column":56}},"85":{"start":{"line":668,"column":2},"end":{"line":668,"column":null}},"86":{"start":{"line":702,"column":23},"end":{"line":702,"column":null}},"87":{"start":{"line":703,"column":8},"end":{"line":703,"column":null}},"88":{"start":{"line":708,"column":2},"end":{"line":720,"column":null}},"89":{"start":{"line":709,"column":4},"end":{"line":709,"column":null}},"90":{"start":{"line":710,"column":4},"end":{"line":710,"column":null}},"91":{"start":{"line":711,"column":2},"end":{"line":720,"column":null}},"92":{"start":{"line":712,"column":4},"end":{"line":712,"column":null}},"93":{"start":{"line":713,"column":4},"end":{"line":713,"column":null}},"94":{"start":{"line":714,"column":2},"end":{"line":720,"column":null}},"95":{"start":{"line":715,"column":4},"end":{"line":715,"column":null}},"96":{"start":{"line":716,"column":4},"end":{"line":716,"column":null}},"97":{"start":{"line":718,"column":4},"end":{"line":718,"column":null}},"98":{"start":{"line":719,"column":4},"end":{"line":719,"column":null}},"99":{"start":{"line":722,"column":2},"end":{"line":727,"column":null}},"100":{"start":{"line":757,"column":20},"end":{"line":757,"column":null}},"101":{"start":{"line":758,"column":22},"end":{"line":758,"column":null}},"102":{"start":{"line":760,"column":26},"end":{"line":760,"column":null}},"103":{"start":{"line":763,"column":2},"end":{"line":771,"column":null}},"104":{"start":{"line":764,"column":4},"end":{"line":770,"column":null}},"105":{"start":{"line":773,"column":2},"end":{"line":782,"column":null}},"106":{"start":{"line":775,"column":4},"end":{"line":781,"column":null}},"107":{"start":{"line":785,"column":2},"end":{"line":785,"column":null}},"108":{"start":{"line":786,"column":2},"end":{"line":786,"column":null}},"109":{"start":{"line":787,"column":2},"end":{"line":787,"column":null}},"110":{"start":{"line":789,"column":2},"end":{"line":791,"column":null}},"111":{"start":{"line":790,"column":4},"end":{"line":790,"column":null}},"112":{"start":{"line":793,"column":2},"end":{"line":799,"column":null}},"113":{"start":{"line":829,"column":20},"end":{"line":829,"column":null}},"114":{"start":{"line":830,"column":19},"end":{"line":830,"column":null}},"115":{"start":{"line":832,"column":36},"end":{"line":832,"column":null}},"116":{"start":{"line":835,"column":62},"end":{"line":839,"column":null}},"117":{"start":{"line":841,"column":19},"end":{"line":841,"column":null}},"118":{"start":{"line":844,"column":2},"end":{"line":847,"column":null}},"119":{"start":{"line":845,"column":4},"end":{"line":845,"column":null}},"120":{"start":{"line":846,"column":4},"end":{"line":846,"column":null}},"121":{"start":{"line":850,"column":2},"end":{"line":853,"column":null}},"122":{"start":{"line":851,"column":4},"end":{"line":851,"column":null}},"123":{"start":{"line":852,"column":4},"end":{"line":852,"column":null}},"124":{"start":{"line":857,"column":2},"end":{"line":868,"column":null}},"125":{"start":{"line":858,"column":4},"end":{"line":858,"column":null}},"126":{"start":{"line":859,"column":2},"end":{"line":868,"column":null}},"127":{"start":{"line":860,"column":4},"end":{"line":860,"column":null}},"128":{"start":{"line":861,"column":4},"end":{"line":863,"column":null}},"129":{"start":{"line":862,"column":6},"end":{"line":862,"column":null}},"130":{"start":{"line":865,"column":4},"end":{"line":865,"column":null}},"131":{"start":{"line":866,"column":4},"end":{"line":866,"column":null}},"132":{"start":{"line":867,"column":4},"end":{"line":867,"column":null}},"133":{"start":{"line":870,"column":2},"end":{"line":875,"column":null}},"134":{"start":{"line":911,"column":26},"end":{"line":911,"column":null}},"135":{"start":{"line":914,"column":2},"end":{"line":922,"column":null}},"136":{"start":{"line":915,"column":4},"end":{"line":921,"column":null}},"137":{"start":{"line":928,"column":2},"end":{"line":946,"column":null}},"138":{"start":{"line":929,"column":4},"end":{"line":929,"column":null}},"139":{"start":{"line":930,"column":4},"end":{"line":930,"column":null}},"140":{"start":{"line":931,"column":4},"end":{"line":931,"column":null}},"141":{"start":{"line":932,"column":4},"end":{"line":932,"column":null}},"142":{"start":{"line":933,"column":4},"end":{"line":933,"column":null}},"143":{"start":{"line":934,"column":2},"end":{"line":946,"column":null}},"144":{"start":{"line":935,"column":4},"end":{"line":935,"column":null}},"145":{"start":{"line":936,"column":4},"end":{"line":936,"column":null}},"146":{"start":{"line":937,"column":4},"end":{"line":937,"column":null}},"147":{"start":{"line":938,"column":4},"end":{"line":938,"column":null}},"148":{"start":{"line":941,"column":4},"end":{"line":941,"column":null}},"149":{"start":{"line":942,"column":4},"end":{"line":942,"column":null}},"150":{"start":{"line":943,"column":4},"end":{"line":943,"column":null}},"151":{"start":{"line":944,"column":4},"end":{"line":944,"column":null}},"152":{"start":{"line":945,"column":4},"end":{"line":945,"column":null}},"153":{"start":{"line":948,"column":2},"end":{"line":948,"column":null}},"154":{"start":{"line":949,"column":2},"end":{"line":949,"column":null}},"155":{"start":{"line":951,"column":2},"end":{"line":957,"column":null}},"156":{"start":{"line":980,"column":33},"end":{"line":980,"column":null}},"157":{"start":{"line":983,"column":21},"end":{"line":983,"column":null}},"158":{"start":{"line":984,"column":26},"end":{"line":984,"column":null}},"159":{"start":{"line":987,"column":30},"end":{"line":987,"column":null}},"160":{"start":{"line":988,"column":29},"end":{"line":988,"column":null}},"161":{"start":{"line":991,"column":26},"end":{"line":991,"column":null}},"162":{"start":{"line":992,"column":2},"end":{"line":995,"column":null}},"163":{"start":{"line":993,"column":4},"end":{"line":993,"column":null}},"164":{"start":{"line":994,"column":4},"end":{"line":994,"column":null}},"165":{"start":{"line":998,"column":2},"end":{"line":1001,"column":null}},"166":{"start":{"line":999,"column":4},"end":{"line":999,"column":null}},"167":{"start":{"line":1000,"column":4},"end":{"line":1000,"column":null}},"168":{"start":{"line":1004,"column":2},"end":{"line":1004,"column":null}},"169":{"start":{"line":1005,"column":2},"end":{"line":1005,"column":null}},"170":{"start":{"line":1007,"column":2},"end":{"line":1012,"column":null}}},"fnMap":{"0":{"name":"getMinimumBendRadius","decl":{"start":{"line":128,"column":16},"end":{"line":128,"column":null}},"loc":{"start":{"line":131,"column":10},"end":{"line":141,"column":null}},"line":131},"1":{"name":"calculateArcLength","decl":{"start":{"line":156,"column":16},"end":{"line":156,"column":null}},"loc":{"start":{"line":159,"column":10},"end":{"line":161,"column":null}},"line":159},"2":{"name":"calculateArcLengthDelta","decl":{"start":{"line":176,"column":16},"end":{"line":176,"column":null}},"loc":{"start":{"line":179,"column":10},"end":{"line":182,"column":null}},"line":179},"3":{"name":"calculateKerfCount","decl":{"start":{"line":197,"column":16},"end":{"line":197,"column":null}},"loc":{"start":{"line":200,"column":10},"end":{"line":203,"column":null}},"line":200},"4":{"name":"calculateKerfSpacing","decl":{"start":{"line":216,"column":16},"end":{"line":216,"column":null}},"loc":{"start":{"line":219,"column":10},"end":{"line":221,"column":null}},"line":219},"5":{"name":"calculateKerfSpacingQuick","decl":{"start":{"line":258,"column":16},"end":{"line":258,"column":null}},"loc":{"start":{"line":262,"column":10},"end":{"line":265,"column":null}},"line":262},"6":{"name":"compareKerfCalculations","decl":{"start":{"line":272,"column":16},"end":{"line":272,"column":null}},"loc":{"start":{"line":282,"column":2},"end":{"line":299,"column":null}},"line":282},"7":{"name":"calculateKerfDepth","decl":{"start":{"line":314,"column":16},"end":{"line":314,"column":null}},"loc":{"start":{"line":317,"column":10},"end":{"line":319,"column":null}},"line":317},"8":{"name":"calculateKerfBending","decl":{"start":{"line":334,"column":16},"end":{"line":334,"column":37}},"loc":{"start":{"line":334,"column":83},"end":{"line":423,"column":null}},"line":334},"9":{"name":"getFeedRate","decl":{"start":{"line":432,"column":9},"end":{"line":432,"column":21}},"loc":{"start":{"line":432,"column":75},"end":{"line":445,"column":null}},"line":432},"10":{"name":"getSpindleSpeed","decl":{"start":{"line":450,"column":9},"end":{"line":450,"column":25}},"loc":{"start":{"line":450,"column":57},"end":{"line":459,"column":null}},"line":450},"11":{"name":"generateStraightKerfPattern","decl":{"start":{"line":485,"column":16},"end":{"line":485,"column":null}},"loc":{"start":{"line":491,"column":14},"end":{"line":507,"column":null}},"line":491},"12":{"name":"generateLivingHingePattern","decl":{"start":{"line":522,"column":16},"end":{"line":522,"column":null}},"loc":{"start":{"line":528,"column":14},"end":{"line":566,"column":null}},"line":528},"13":{"name":"calculateRequiredKerfParams","decl":{"start":{"line":585,"column":16},"end":{"line":585,"column":null}},"loc":{"start":{"line":596,"column":2},"end":{"line":627,"column":null}},"line":596},"14":{"name":"generateKerfBendingSummary","decl":{"start":{"line":636,"column":16},"end":{"line":636,"column":43}},"loc":{"start":{"line":636,"column":78},"end":{"line":669,"column":null}},"line":636},"15":{"name":"(anonymous_15)","decl":{"start":{"line":665,"column":28},"end":{"line":665,"column":33}},"loc":{"start":{"line":665,"column":33},"end":{"line":665,"column":56}},"line":665},"16":{"name":"assessFaceting","decl":{"start":{"line":695,"column":16},"end":{"line":695,"column":null}},"loc":{"start":{"line":699,"column":22},"end":{"line":728,"column":null}},"line":699},"17":{"name":"getWettingRecommendation","decl":{"start":{"line":752,"column":16},"end":{"line":752,"column":null}},"loc":{"start":{"line":756,"column":25},"end":{"line":800,"column":null}},"line":756},"18":{"name":"assessStressConcentration","decl":{"start":{"line":824,"column":16},"end":{"line":824,"column":null}},"loc":{"start":{"line":828,"column":29},"end":{"line":876,"column":null}},"line":828},"19":{"name":"getGlueFillRecommendation","decl":{"start":{"line":907,"column":16},"end":{"line":907,"column":null}},"loc":{"start":{"line":910,"column":26},"end":{"line":958,"column":null}},"line":910},"20":{"name":"getVacuumTableRequirements","decl":{"start":{"line":975,"column":16},"end":{"line":975,"column":null}},"loc":{"start":{"line":979,"column":27},"end":{"line":1013,"column":null}},"line":979}},"branchMap":{"0":{"loc":{"start":{"line":343,"column":15},"end":{"line":343,"column":null}},"type":"default-arg","locations":[{"start":{"line":343,"column":19},"end":{"line":343,"column":null}}],"line":343},"1":{"loc":{"start":{"line":352,"column":2},"end":{"line":355,"column":null}},"type":"if","locations":[{"start":{"line":352,"column":2},"end":{"line":355,"column":null}},{"start":{},"end":{}}],"line":352},"2":{"loc":{"start":{"line":358,"column":2},"end":{"line":361,"column":null}},"type":"if","locations":[{"start":{"line":358,"column":2},"end":{"line":361,"column":null}},{"start":{},"end":{}}],"line":358},"3":{"loc":{"start":{"line":366,"column":2},"end":{"line":368,"column":null}},"type":"if","locations":[{"start":{"line":366,"column":2},"end":{"line":368,"column":null}},{"start":{},"end":{}}],"line":366},"4":{"loc":{"start":{"line":388,"column":2},"end":{"line":392,"column":null}},"type":"if","locations":[{"start":{"line":388,"column":2},"end":{"line":392,"column":null}},{"start":{"line":390,"column":2},"end":{"line":392,"column":null}}],"line":388},"5":{"loc":{"start":{"line":390,"column":2},"end":{"line":392,"column":null}},"type":"if","locations":[{"start":{"line":390,"column":2},"end":{"line":392,"column":null}},{"start":{},"end":{}}],"line":390},"6":{"loc":{"start":{"line":395,"column":2},"end":{"line":397,"column":null}},"type":"if","locations":[{"start":{"line":395,"column":2},"end":{"line":397,"column":null}},{"start":{},"end":{}}],"line":395},"7":{"loc":{"start":{"line":405,"column":12},"end":{"line":405,"column":null}},"type":"cond-expr","locations":[{"start":{"line":405,"column":26},"end":{"line":405,"column":50}},{"start":{"line":405,"column":50},"end":{"line":405,"column":null}}],"line":405},"8":{"loc":{"start":{"line":442,"column":21},"end":{"line":442,"column":null}},"type":"cond-expr","locations":[{"start":{"line":442,"column":40},"end":{"line":442,"column":46}},{"start":{"line":442,"column":46},"end":{"line":442,"column":null}}],"line":442},"9":{"loc":{"start":{"line":490,"column":2},"end":{"line":490,"column":null}},"type":"default-arg","locations":[{"start":{"line":490,"column":24},"end":{"line":490,"column":null}}],"line":490},"10":{"loc":{"start":{"line":537,"column":4},"end":{"line":562,"column":null}},"type":"if","locations":[{"start":{"line":537,"column":4},"end":{"line":562,"column":null}},{"start":{"line":553,"column":11},"end":{"line":562,"column":null}}],"line":537},"11":{"loc":{"start":{"line":599,"column":2},"end":{"line":607,"column":null}},"type":"if","locations":[{"start":{"line":599,"column":2},"end":{"line":607,"column":null}},{"start":{},"end":{}}],"line":599},"12":{"loc":{"start":{"line":616,"column":2},"end":{"line":616,"column":null}},"type":"if","locations":[{"start":{"line":616,"column":2},"end":{"line":616,"column":null}},{"start":{},"end":{}}],"line":616},"13":{"loc":{"start":{"line":617,"column":2},"end":{"line":617,"column":null}},"type":"if","locations":[{"start":{"line":617,"column":2},"end":{"line":617,"column":null}},{"start":{},"end":{}}],"line":617},"14":{"loc":{"start":{"line":663,"column":2},"end":{"line":666,"column":null}},"type":"if","locations":[{"start":{"line":663,"column":2},"end":{"line":666,"column":null}},{"start":{},"end":{}}],"line":663},"15":{"loc":{"start":{"line":708,"column":2},"end":{"line":720,"column":null}},"type":"if","locations":[{"start":{"line":708,"column":2},"end":{"line":720,"column":null}},{"start":{"line":711,"column":2},"end":{"line":720,"column":null}}],"line":708},"16":{"loc":{"start":{"line":711,"column":2},"end":{"line":720,"column":null}},"type":"if","locations":[{"start":{"line":711,"column":2},"end":{"line":720,"column":null}},{"start":{"line":714,"column":2},"end":{"line":720,"column":null}}],"line":711},"17":{"loc":{"start":{"line":714,"column":2},"end":{"line":720,"column":null}},"type":"if","locations":[{"start":{"line":714,"column":2},"end":{"line":720,"column":null}},{"start":{"line":717,"column":9},"end":{"line":720,"column":null}}],"line":714},"18":{"loc":{"start":{"line":763,"column":2},"end":{"line":771,"column":null}},"type":"if","locations":[{"start":{"line":763,"column":2},"end":{"line":771,"column":null}},{"start":{},"end":{}}],"line":763},"19":{"loc":{"start":{"line":763,"column":6},"end":{"line":763,"column":48}},"type":"binary-expr","locations":[{"start":{"line":763,"column":6},"end":{"line":763,"column":28}},{"start":{"line":763,"column":28},"end":{"line":763,"column":48}}],"line":763},"20":{"loc":{"start":{"line":773,"column":2},"end":{"line":782,"column":null}},"type":"if","locations":[{"start":{"line":773,"column":2},"end":{"line":782,"column":null}},{"start":{},"end":{}}],"line":773},"21":{"loc":{"start":{"line":789,"column":2},"end":{"line":791,"column":null}},"type":"if","locations":[{"start":{"line":789,"column":2},"end":{"line":791,"column":null}},{"start":{},"end":{}}],"line":789},"22":{"loc":{"start":{"line":795,"column":22},"end":{"line":795,"column":null}},"type":"cond-expr","locations":[{"start":{"line":795,"column":42},"end":{"line":795,"column":57}},{"start":{"line":795,"column":57},"end":{"line":795,"column":null}}],"line":795},"23":{"loc":{"start":{"line":796,"column":14},"end":{"line":796,"column":null}},"type":"cond-expr","locations":[{"start":{"line":796,"column":35},"end":{"line":796,"column":39}},{"start":{"line":796,"column":39},"end":{"line":796,"column":null}}],"line":796},"24":{"loc":{"start":{"line":844,"column":2},"end":{"line":847,"column":null}},"type":"if","locations":[{"start":{"line":844,"column":2},"end":{"line":847,"column":null}},{"start":{},"end":{}}],"line":844},"25":{"loc":{"start":{"line":850,"column":2},"end":{"line":853,"column":null}},"type":"if","locations":[{"start":{"line":850,"column":2},"end":{"line":853,"column":null}},{"start":{},"end":{}}],"line":850},"26":{"loc":{"start":{"line":857,"column":2},"end":{"line":868,"column":null}},"type":"if","locations":[{"start":{"line":857,"column":2},"end":{"line":868,"column":null}},{"start":{"line":859,"column":2},"end":{"line":868,"column":null}}],"line":857},"27":{"loc":{"start":{"line":859,"column":2},"end":{"line":868,"column":null}},"type":"if","locations":[{"start":{"line":859,"column":2},"end":{"line":868,"column":null}},{"start":{"line":864,"column":9},"end":{"line":868,"column":null}}],"line":859},"28":{"loc":{"start":{"line":861,"column":4},"end":{"line":863,"column":null}},"type":"if","locations":[{"start":{"line":861,"column":4},"end":{"line":863,"column":null}},{"start":{},"end":{}}],"line":861},"29":{"loc":{"start":{"line":914,"column":2},"end":{"line":922,"column":null}},"type":"if","locations":[{"start":{"line":914,"column":2},"end":{"line":922,"column":null}},{"start":{},"end":{}}],"line":914},"30":{"loc":{"start":{"line":928,"column":2},"end":{"line":946,"column":null}},"type":"if","locations":[{"start":{"line":928,"column":2},"end":{"line":946,"column":null}},{"start":{"line":934,"column":2},"end":{"line":946,"column":null}}],"line":928},"31":{"loc":{"start":{"line":928,"column":6},"end":{"line":928,"column":58}},"type":"binary-expr","locations":[{"start":{"line":928,"column":6},"end":{"line":928,"column":38}},{"start":{"line":928,"column":38},"end":{"line":928,"column":58}}],"line":928},"32":{"loc":{"start":{"line":934,"column":2},"end":{"line":946,"column":null}},"type":"if","locations":[{"start":{"line":934,"column":2},"end":{"line":946,"column":null}},{"start":{"line":939,"column":9},"end":{"line":946,"column":null}}],"line":934},"33":{"loc":{"start":{"line":935,"column":15},"end":{"line":935,"column":null}},"type":"cond-expr","locations":[{"start":{"line":935,"column":36},"end":{"line":935,"column":53}},{"start":{"line":935,"column":53},"end":{"line":935,"column":null}}],"line":935},"34":{"loc":{"start":{"line":936,"column":15},"end":{"line":936,"column":null}},"type":"cond-expr","locations":[{"start":{"line":936,"column":36},"end":{"line":936,"column":41}},{"start":{"line":936,"column":41},"end":{"line":936,"column":null}}],"line":936},"35":{"loc":{"start":{"line":937,"column":23},"end":{"line":937,"column":null}},"type":"cond-expr","locations":[{"start":{"line":937,"column":44},"end":{"line":937,"column":50}},{"start":{"line":937,"column":50},"end":{"line":937,"column":null}}],"line":937},"36":{"loc":{"start":{"line":992,"column":2},"end":{"line":995,"column":null}},"type":"if","locations":[{"start":{"line":992,"column":2},"end":{"line":995,"column":null}},{"start":{},"end":{}}],"line":992},"37":{"loc":{"start":{"line":998,"column":2},"end":{"line":1001,"column":null}},"type":"if","locations":[{"start":{"line":998,"column":2},"end":{"line":1001,"column":null}},{"start":{},"end":{}}],"line":998}},"s":{"0":1,"1":20,"2":20,"3":19,"4":16,"5":14,"6":10,"7":2,"8":1,"9":1,"10":1,"11":1,"12":1,"13":1,"14":1,"15":10,"16":8,"17":8,"18":8,"19":8,"20":8,"21":6,"22":8,"23":0,"24":0,"25":8,"26":8,"27":1,"28":7,"29":7,"30":7,"31":7,"32":7,"33":7,"34":7,"35":7,"36":7,"37":7,"38":1,"39":6,"40":6,"41":7,"42":0,"43":7,"44":8,"45":7,"46":7,"47":7,"48":7,"49":7,"50":4,"51":4,"52":4,"53":23,"54":23,"55":4,"56":2,"57":2,"58":2,"59":2,"60":6,"61":6,"62":6,"63":3,"64":3,"65":3,"66":2,"67":4,"68":4,"69":1,"70":3,"71":3,"72":3,"73":3,"74":3,"75":1,"76":3,"77":3,"78":3,"79":3,"80":0,"81":0,"82":0,"83":0,"84":0,"85":0,"86":5,"87":5,"88":5,"89":1,"90":1,"91":4,"92":2,"93":2,"94":2,"95":1,"96":1,"97":1,"98":1,"99":5,"100":5,"101":5,"102":5,"103":5,"104":1,"105":4,"106":1,"107":3,"108":3,"109":3,"110":3,"111":1,"112":3,"113":7,"114":7,"115":7,"116":7,"117":7,"118":7,"119":2,"120":2,"121":7,"122":1,"123":1,"124":7,"125":2,"126":5,"127":0,"128":0,"129":0,"130":5,"131":5,"132":5,"133":7,"134":0,"135":0,"136":0,"137":0,"138":0,"139":0,"140":0,"141":0,"142":0,"143":0,"144":0,"145":0,"146":0,"147":0,"148":0,"149":0,"150":0,"151":0,"152":0,"153":0,"154":0,"155":0,"156":0,"157":0,"158":0,"159":0,"160":0,"161":0,"162":0,"163":0,"164":0,"165":0,"166":0,"167":0,"168":0,"169":0,"170":0},"f":{"0":20,"1":19,"2":16,"3":14,"4":10,"5":2,"6":1,"7":10,"8":8,"9":7,"10":7,"11":4,"12":2,"13":4,"14":0,"15":0,"16":5,"17":5,"18":7,"19":0,"20":0},"b":{"0":[8],"1":[6,2],"2":[0,8],"3":[1,7],"4":[1,6],"5":[6,0],"6":[0,7],"7":[7,0],"8":[0,7],"9":[4],"10":[3,3],"11":[1,3],"12":[1,2],"13":[0,3],"14":[0,0],"15":[1,4],"16":[2,2],"17":[1,1],"18":[1,4],"19":[5,2],"20":[1,3],"21":[1,2],"22":[3,0],"23":[1,2],"24":[2,5],"25":[1,6],"26":[2,5],"27":[0,5],"28":[0,0],"29":[0,0],"30":[0,0],"31":[0,0],"32":[0,0],"33":[0,0],"34":[0,0],"35":[0,0],"36":[0,0],"37":[0,0]},"meta":{"lastBranch":38,"lastFunction":21,"lastStatement":171,"seen":{"s:99:5:120:Infinity":0,"f:128:16:128:Infinity":0,"s:133:52:138:Infinity":1,"s:140:2:140:Infinity":2,"f:156:16:156:Infinity":1,"s:160:2:160:Infinity":3,"f:176:16:176:Infinity":2,"s:181:2:181:Infinity":4,"f:197:16:197:Infinity":3,"s:202:2:202:Infinity":5,"f:216:16:216:Infinity":4,"s:220:2:220:Infinity":6,"f:258:16:258:Infinity":5,"s:264:2:264:Infinity":7,"f:272:16:272:Infinity":6,"s:283:23:283:Infinity":8,"s:286:17:286:Infinity":9,"s:287:20:287:Infinity":10,"s:288:19:288:Infinity":11,"s:289:25:289:Infinity":12,"s:291:20:291:Infinity":13,"s:293:2:298:Infinity":14,"f:314:16:314:Infinity":7,"s:318:2:318:Infinity":15,"f:334:16:334:37":8,"s:344:6:344:Infinity":16,"b:343:19:343:Infinity":0,"s:346:29:346:Infinity":17,"s:349:20:349:Infinity":18,"s:350:10:350:Infinity":19,"b:352:2:355:Infinity:undefined:undefined:undefined:undefined":1,"s:352:2:355:Infinity":20,"s:354:4:354:Infinity":21,"b:358:2:361:Infinity:undefined:undefined:undefined:undefined":2,"s:358:2:361:Infinity":22,"s:359:4:359:Infinity":23,"s:360:4:360:Infinity":24,"s:364:17:364:Infinity":25,"b:366:2:368:Infinity:undefined:undefined:undefined:undefined":3,"s:366:2:368:Infinity":26,"s:367:4:367:Infinity":27,"s:373:18:373:Infinity":28,"s:374:18:374:Infinity":29,"s:376:18:376:Infinity":30,"s:377:18:377:Infinity":31,"s:378:17:378:Infinity":32,"s:381:12:381:Infinity":33,"s:382:12:382:Infinity":34,"s:385:16:385:Infinity":35,"s:386:23:386:Infinity":36,"b:388:2:392:Infinity:390:2:392:Infinity":4,"s:388:2:392:Infinity":37,"s:389:4:389:Infinity":38,"b:390:2:392:Infinity:undefined:undefined:undefined:undefined":5,"s:390:2:392:Infinity":39,"s:391:4:391:Infinity":40,"b:395:2:397:Infinity:undefined:undefined:undefined:undefined":6,"s:395:2:397:Infinity":41,"s:396:4:396:Infinity":42,"s:400:35:408:Infinity":43,"b:405:26:405:50:405:50:405:Infinity":7,"s:410:2:422:Infinity":44,"f:432:9:432:21":9,"s:434:50:439:Infinity":45,"s:442:21:442:Infinity":46,"b:442:40:442:46:442:46:442:Infinity":8,"s:444:2:444:Infinity":47,"f:450:9:450:25":10,"s:451:47:456:Infinity":48,"s:458:2:458:Infinity":49,"f:485:16:485:Infinity":11,"b:490:24:490:Infinity":9,"s:492:28:492:Infinity":50,"s:494:2:504:Infinity":51,"s:494:15:494:18":52,"s:495:14:495:Infinity":53,"s:497:4:503:Infinity":54,"s:506:2:506:Infinity":55,"f:522:16:522:Infinity":12,"s:529:28:529:Infinity":56,"s:530:24:530:Infinity":57,"s:532:2:563:Infinity":58,"s:532:15:532:18":59,"s:533:10:533:Infinity":60,"s:534:22:534:Infinity":61,"b:537:4:562:Infinity:553:11:562:Infinity":10,"s:537:4:562:Infinity":62,"s:539:6:545:Infinity":63,"s:546:6:552:Infinity":64,"s:555:6:561:Infinity":65,"s:565:2:565:Infinity":66,"f:585:16:585:Infinity":13,"s:597:16:597:Infinity":67,"b:599:2:607:Infinity:undefined:undefined:undefined:undefined":11,"s:599:2:607:Infinity":68,"s:600:4:606:Infinity":69,"s:609:20:609:Infinity":70,"s:610:23:610:Infinity":71,"s:612:17:612:Infinity":72,"s:615:27:615:Infinity":73,"b:616:2:616:Infinity:undefined:undefined:undefined:undefined":12,"s:616:2:616:Infinity":74,"s:616:19:616:Infinity":75,"b:617:2:617:Infinity:undefined:undefined:undefined:undefined":13,"s:617:2:617:Infinity":76,"s:617:20:617:Infinity":77,"s:619:23:619:Infinity":78,"s:621:2:626:Infinity":79,"f:636:16:636:43":14,"s:637:16:661:Infinity":80,"b:663:2:666:Infinity:undefined:undefined:undefined:undefined":14,"s:663:2:666:Infinity":81,"s:664:4:664:Infinity":82,"s:665:4:665:Infinity":83,"f:665:28:665:33":15,"s:665:33:665:56":84,"s:668:2:668:Infinity":85,"f:695:16:695:Infinity":16,"s:702:23:702:Infinity":86,"s:703:8:703:Infinity":87,"b:708:2:720:Infinity:711:2:720:Infinity":15,"s:708:2:720:Infinity":88,"s:709:4:709:Infinity":89,"s:710:4:710:Infinity":90,"b:711:2:720:Infinity:714:2:720:Infinity":16,"s:711:2:720:Infinity":91,"s:712:4:712:Infinity":92,"s:713:4:713:Infinity":93,"b:714:2:720:Infinity:717:9:720:Infinity":17,"s:714:2:720:Infinity":94,"s:715:4:715:Infinity":95,"s:716:4:716:Infinity":96,"s:718:4:718:Infinity":97,"s:719:4:719:Infinity":98,"s:722:2:727:Infinity":99,"f:752:16:752:Infinity":17,"s:757:20:757:Infinity":100,"s:758:22:758:Infinity":101,"s:760:26:760:Infinity":102,"b:763:2:771:Infinity:undefined:undefined:undefined:undefined":18,"s:763:2:771:Infinity":103,"b:763:6:763:28:763:28:763:48":19,"s:764:4:770:Infinity":104,"b:773:2:782:Infinity:undefined:undefined:undefined:undefined":20,"s:773:2:782:Infinity":105,"s:775:4:781:Infinity":106,"s:785:2:785:Infinity":107,"s:786:2:786:Infinity":108,"s:787:2:787:Infinity":109,"b:789:2:791:Infinity:undefined:undefined:undefined:undefined":21,"s:789:2:791:Infinity":110,"s:790:4:790:Infinity":111,"s:793:2:799:Infinity":112,"b:795:42:795:57:795:57:795:Infinity":22,"b:796:35:796:39:796:39:796:Infinity":23,"f:824:16:824:Infinity":18,"s:829:20:829:Infinity":113,"s:830:19:830:Infinity":114,"s:832:36:832:Infinity":115,"s:835:62:839:Infinity":116,"s:841:19:841:Infinity":117,"b:844:2:847:Infinity:undefined:undefined:undefined:undefined":24,"s:844:2:847:Infinity":118,"s:845:4:845:Infinity":119,"s:846:4:846:Infinity":120,"b:850:2:853:Infinity:undefined:undefined:undefined:undefined":25,"s:850:2:853:Infinity":121,"s:851:4:851:Infinity":122,"s:852:4:852:Infinity":123,"b:857:2:868:Infinity:859:2:868:Infinity":26,"s:857:2:868:Infinity":124,"s:858:4:858:Infinity":125,"b:859:2:868:Infinity:864:9:868:Infinity":27,"s:859:2:868:Infinity":126,"s:860:4:860:Infinity":127,"b:861:4:863:Infinity:undefined:undefined:undefined:undefined":28,"s:861:4:863:Infinity":128,"s:862:6:862:Infinity":129,"s:865:4:865:Infinity":130,"s:866:4:866:Infinity":131,"s:867:4:867:Infinity":132,"s:870:2:875:Infinity":133,"f:907:16:907:Infinity":19,"s:911:26:911:Infinity":134,"b:914:2:922:Infinity:undefined:undefined:undefined:undefined":29,"s:914:2:922:Infinity":135,"s:915:4:921:Infinity":136,"b:928:2:946:Infinity:934:2:946:Infinity":30,"s:928:2:946:Infinity":137,"b:928:6:928:38:928:38:928:58":31,"s:929:4:929:Infinity":138,"s:930:4:930:Infinity":139,"s:931:4:931:Infinity":140,"s:932:4:932:Infinity":141,"s:933:4:933:Infinity":142,"b:934:2:946:Infinity:939:9:946:Infinity":32,"s:934:2:946:Infinity":143,"s:935:4:935:Infinity":144,"b:935:36:935:53:935:53:935:Infinity":33,"s:936:4:936:Infinity":145,"b:936:36:936:41:936:41:936:Infinity":34,"s:937:4:937:Infinity":146,"b:937:44:937:50:937:50:937:Infinity":35,"s:938:4:938:Infinity":147,"s:941:4:941:Infinity":148,"s:942:4:942:Infinity":149,"s:943:4:943:Infinity":150,"s:944:4:944:Infinity":151,"s:945:4:945:Infinity":152,"s:948:2:948:Infinity":153,"s:949:2:949:Infinity":154,"s:951:2:957:Infinity":155,"f:975:16:975:Infinity":20,"s:980:33:980:Infinity":156,"s:983:21:983:Infinity":157,"s:984:26:984:Infinity":158,"s:987:30:987:Infinity":159,"s:988:29:988:Infinity":160,"s:991:26:991:Infinity":161,"b:992:2:995:Infinity:undefined:undefined:undefined:undefined":36,"s:992:2:995:Infinity":162,"s:993:4:993:Infinity":163,"s:994:4:994:Infinity":164,"b:998:2:1001:Infinity:undefined:undefined:undefined:undefined":37,"s:998:2:1001:Infinity":165,"s:999:4:999:Infinity":166,"s:1000:4:1000:Infinity":167,"s:1004:2:1004:Infinity":168,"s:1005:2:1005:Infinity":169,"s:1007:2:1012:Infinity":170}}}
,"C:\\Projects\\iimos-workspace\\src\\core\\math\\vec3Utils.ts": {"path":"C:\\Projects\\iimos-workspace\\src\\core\\math\\vec3Utils.ts","statementMap":{"0":{"start":{"line":22,"column":2},"end":{"line":22,"column":null}},"1":{"start":{"line":29,"column":2},"end":{"line":29,"column":null}},"2":{"start":{"line":36,"column":2},"end":{"line":36,"column":null}},"3":{"start":{"line":43,"column":2},"end":{"line":43,"column":null}},"4":{"start":{"line":54,"column":2},"end":{"line":54,"column":null}},"5":{"start":{"line":61,"column":2},"end":{"line":65,"column":null}},"6":{"start":{"line":76,"column":2},"end":{"line":76,"column":null}},"7":{"start":{"line":83,"column":2},"end":{"line":83,"column":null}},"8":{"start":{"line":90,"column":12},"end":{"line":90,"column":null}},"9":{"start":{"line":91,"column":2},"end":{"line":91,"column":null}},"10":{"start":{"line":91,"column":16},"end":{"line":91,"column":null}},"11":{"start":{"line":92,"column":2},"end":{"line":92,"column":null}},"12":{"start":{"line":103,"column":2},"end":{"line":103,"column":null}},"13":{"start":{"line":110,"column":2},"end":{"line":110,"column":null}},"14":{"start":{"line":121,"column":2},"end":{"line":125,"column":null}},"15":{"start":{"line":136,"column":2},"end":{"line":136,"column":null}},"16":{"start":{"line":143,"column":2},"end":{"line":143,"column":null}},"17":{"start":{"line":150,"column":12},"end":{"line":150,"column":null}},"18":{"start":{"line":151,"column":2},"end":{"line":151,"column":null}},"19":{"start":{"line":151,"column":19},"end":{"line":151,"column":null}},"20":{"start":{"line":152,"column":2},"end":{"line":152,"column":null}},"21":{"start":{"line":159,"column":2},"end":{"line":163,"column":null}},"22":{"start":{"line":173,"column":26},"end":{"line":173,"column":null}},"23":{"start":{"line":179,"column":2},"end":{"line":179,"column":null}},"24":{"start":{"line":186,"column":2},"end":{"line":189,"column":null}}},"fnMap":{"0":{"name":"add","decl":{"start":{"line":21,"column":16},"end":{"line":21,"column":20}},"loc":{"start":{"line":21,"column":44},"end":{"line":23,"column":null}},"line":21},"1":{"name":"sub","decl":{"start":{"line":28,"column":16},"end":{"line":28,"column":20}},"loc":{"start":{"line":28,"column":44},"end":{"line":30,"column":null}},"line":28},"2":{"name":"scale","decl":{"start":{"line":35,"column":16},"end":{"line":35,"column":22}},"loc":{"start":{"line":35,"column":48},"end":{"line":37,"column":null}},"line":35},"3":{"name":"negate","decl":{"start":{"line":42,"column":16},"end":{"line":42,"column":23}},"loc":{"start":{"line":42,"column":38},"end":{"line":44,"column":null}},"line":42},"4":{"name":"dot","decl":{"start":{"line":53,"column":16},"end":{"line":53,"column":20}},"loc":{"start":{"line":53,"column":46},"end":{"line":55,"column":null}},"line":53},"5":{"name":"cross","decl":{"start":{"line":60,"column":16},"end":{"line":60,"column":22}},"loc":{"start":{"line":60,"column":46},"end":{"line":66,"column":null}},"line":60},"6":{"name":"len","decl":{"start":{"line":75,"column":16},"end":{"line":75,"column":20}},"loc":{"start":{"line":75,"column":37},"end":{"line":77,"column":null}},"line":75},"7":{"name":"lenSq","decl":{"start":{"line":82,"column":16},"end":{"line":82,"column":22}},"loc":{"start":{"line":82,"column":39},"end":{"line":84,"column":null}},"line":82},"8":{"name":"normalize","decl":{"start":{"line":89,"column":16},"end":{"line":89,"column":26}},"loc":{"start":{"line":89,"column":41},"end":{"line":93,"column":null}},"line":89},"9":{"name":"distance","decl":{"start":{"line":102,"column":16},"end":{"line":102,"column":25}},"loc":{"start":{"line":102,"column":51},"end":{"line":104,"column":null}},"line":102},"10":{"name":"distanceSq","decl":{"start":{"line":109,"column":16},"end":{"line":109,"column":27}},"loc":{"start":{"line":109,"column":53},"end":{"line":111,"column":null}},"line":109},"11":{"name":"lerp","decl":{"start":{"line":120,"column":16},"end":{"line":120,"column":21}},"loc":{"start":{"line":120,"column":56},"end":{"line":126,"column":null}},"line":120},"12":{"name":"clamp","decl":{"start":{"line":135,"column":16},"end":{"line":135,"column":22}},"loc":{"start":{"line":135,"column":67},"end":{"line":137,"column":null}},"line":135},"13":{"name":"clamp01","decl":{"start":{"line":142,"column":16},"end":{"line":142,"column":24}},"loc":{"start":{"line":142,"column":43},"end":{"line":144,"column":null}},"line":142},"14":{"name":"clampMagnitude","decl":{"start":{"line":149,"column":16},"end":{"line":149,"column":31}},"loc":{"start":{"line":149,"column":62},"end":{"line":153,"column":null}},"line":149},"15":{"name":"clampComponents","decl":{"start":{"line":158,"column":16},"end":{"line":158,"column":32}},"loc":{"start":{"line":158,"column":73},"end":{"line":164,"column":null}},"line":158},"16":{"name":"isNearZero","decl":{"start":{"line":178,"column":16},"end":{"line":178,"column":27}},"loc":{"start":{"line":178,"column":69},"end":{"line":180,"column":null}},"line":178},"17":{"name":"approxEqual","decl":{"start":{"line":185,"column":16},"end":{"line":185,"column":28}},"loc":{"start":{"line":185,"column":79},"end":{"line":191,"column":null}},"line":185}},"branchMap":{"0":{"loc":{"start":{"line":91,"column":2},"end":{"line":91,"column":null}},"type":"if","locations":[{"start":{"line":91,"column":2},"end":{"line":91,"column":null}},{"start":{},"end":{}}],"line":91},"1":{"loc":{"start":{"line":151,"column":2},"end":{"line":151,"column":null}},"type":"if","locations":[{"start":{"line":151,"column":2},"end":{"line":151,"column":null}},{"start":{},"end":{}}],"line":151},"2":{"loc":{"start":{"line":178,"column":36},"end":{"line":178,"column":69}},"type":"default-arg","locations":[{"start":{"line":178,"column":54},"end":{"line":178,"column":69}}],"line":178},"3":{"loc":{"start":{"line":185,"column":46},"end":{"line":185,"column":79}},"type":"default-arg","locations":[{"start":{"line":185,"column":64},"end":{"line":185,"column":79}}],"line":185},"4":{"loc":{"start":{"line":187,"column":4},"end":{"line":189,"column":null}},"type":"binary-expr","locations":[{"start":{"line":187,"column":4},"end":{"line":187,"column":null}},{"start":{"line":188,"column":4},"end":{"line":188,"column":null}},{"start":{"line":189,"column":4},"end":{"line":189,"column":null}}],"line":187}},"s":{"0":3,"1":5,"2":4,"3":1,"4":3,"5":3,"6":14,"7":7,"8":3,"9":3,"10":2,"11":1,"12":2,"13":1,"14":4,"15":12,"16":3,"17":2,"18":2,"19":1,"20":1,"21":1,"22":1,"23":5,"24":4},"f":{"0":3,"1":5,"2":4,"3":1,"4":3,"5":3,"6":14,"7":7,"8":3,"9":2,"10":1,"11":4,"12":12,"13":3,"14":2,"15":1,"16":5,"17":4},"b":{"0":[2,1],"1":[1,1],"2":[5],"3":[4],"4":[4,3,3]},"meta":{"lastBranch":5,"lastFunction":18,"lastStatement":25,"seen":{"f:21:16:21:20":0,"s:22:2:22:Infinity":0,"f:28:16:28:20":1,"s:29:2:29:Infinity":1,"f:35:16:35:22":2,"s:36:2:36:Infinity":2,"f:42:16:42:23":3,"s:43:2:43:Infinity":3,"f:53:16:53:20":4,"s:54:2:54:Infinity":4,"f:60:16:60:22":5,"s:61:2:65:Infinity":5,"f:75:16:75:20":6,"s:76:2:76:Infinity":6,"f:82:16:82:22":7,"s:83:2:83:Infinity":7,"f:89:16:89:26":8,"s:90:12:90:Infinity":8,"b:91:2:91:Infinity:undefined:undefined:undefined:undefined":0,"s:91:2:91:Infinity":9,"s:91:16:91:Infinity":10,"s:92:2:92:Infinity":11,"f:102:16:102:25":9,"s:103:2:103:Infinity":12,"f:109:16:109:27":10,"s:110:2:110:Infinity":13,"f:120:16:120:21":11,"s:121:2:125:Infinity":14,"f:135:16:135:22":12,"s:136:2:136:Infinity":15,"f:142:16:142:24":13,"s:143:2:143:Infinity":16,"f:149:16:149:31":14,"s:150:12:150:Infinity":17,"b:151:2:151:Infinity:undefined:undefined:undefined:undefined":1,"s:151:2:151:Infinity":18,"s:151:19:151:Infinity":19,"s:152:2:152:Infinity":20,"f:158:16:158:32":15,"s:159:2:163:Infinity":21,"s:173:26:173:Infinity":22,"f:178:16:178:27":16,"b:178:54:178:69":2,"s:179:2:179:Infinity":23,"f:185:16:185:28":17,"b:185:64:185:79":3,"s:186:2:189:Infinity":24,"b:187:4:187:Infinity:188:4:188:Infinity:189:4:189:Infinity":4}}}
}
